0 info it worked if it ends with ok
1 verbose cli [ '/usr/local/bin/node', '/usr/local/bin/npm', 'run', 'tsc:w' ]
2 info using npm@3.9.5
3 info using node@v6.2.2
4 verbose run-script [ 'pretsc:w', 'tsc:w', 'posttsc:w' ]
5 info lifecycle myui@1.0.0~pretsc:w: myui@1.0.0
6 silly lifecycle myui@1.0.0~pretsc:w: no script for pretsc:w, continuing
7 info lifecycle myui@1.0.0~tsc:w: myui@1.0.0
8 verbose lifecycle myui@1.0.0~tsc:w: unsafe-perm in lifecycle true
9 verbose lifecycle myui@1.0.0~tsc:w: PATH: /usr/local/lib/node_modules/npm/bin/node-gyp-bin:/home/soprano/test/myui/node_modules/.bin:/usr/local/bin:/usr/local/lib/node_modules/npm/bin/node-gyp-bin:/home/soprano/test/myui/node_modules/.bin:/usr/local/bin:/opt/java/jdk1.8.0_45/bin:/opt/java/jdk1.8.0_45/bin:/usr/local/bin:/usr/local/sbin:/usr/bin:/usr/sbin:/bin:/sbin:/home/soprano/bin:/usr/bin:/home/soprano/tmp/db/bin:/products/tibco/rv/tibrv7.4.1/bin:/products/apache-ant-1.8.4/bin:/poducts/apache-maven/apache-maven-3.2.1/bin:/products/eclipse:/home/soprano/bin:/usr/bin:/home/soprano/tmp/db/bin:/products/tibco/rv/tibrv7.4.1/bin:/products/apache-ant-1.8.4/bin:/poducts/apache-maven/apache-maven-3.2.1/bin:/products/eclipse
10 verbose lifecycle myui@1.0.0~tsc:w: CWD: /home/soprano/test/myui
11 silly lifecycle myui@1.0.0~tsc:w: Args: [ '-c', 'tsc -w -p /home/test/ui' ]
12 silly lifecycle myui@1.0.0~tsc:w: Returned: code: 1  signal: null
13 info lifecycle myui@1.0.0~tsc:w: Failed to exec tsc:w script
14 verbose stack Error: myui@1.0.0 tsc:w: `tsc -w -p /home/test/ui`
14 verbose stack Exit status 1
14 verbose stack     at EventEmitter.<anonymous> (/usr/local/lib/node_modules/npm/lib/utils/lifecycle.js:245:16)
14 verbose stack     at emitTwo (events.js:106:13)
14 verbose stack     at EventEmitter.emit (events.js:191:7)
14 verbose stack     at ChildProcess.<anonymous> (/usr/local/lib/node_modules/npm/lib/utils/spawn.js:24:14)
14 verbose stack     at emitTwo (events.js:106:13)
14 verbose stack     at ChildProcess.emit (events.js:191:7)
14 verbose stack     at maybeClose (internal/child_process.js:852:16)
14 verbose stack     at Process.ChildProcess._handle.onexit (internal/child_process.js:215:5)
15 verbose pkgid myui@1.0.0
16 verbose cwd /home/soprano/test/myui
17 error Linux 3.10.0-327.el7.x86_64
18 error argv "/usr/local/bin/node" "/usr/local/bin/npm" "run" "tsc:w"
19 error node v6.2.2
20 error npm  v3.9.5
21 error code ELIFECYCLE
22 error myui@1.0.0 tsc:w: `tsc -w -p /home/test/ui`
22 error Exit status 1
23 error Failed at the myui@1.0.0 tsc:w script 'tsc -w -p /home/test/ui'.
23 error Make sure you have the latest version of node.js and npm installed.
23 error If you do, this is most likely a problem with the myui package,
23 error not with npm itself.
23 error Tell the author that this fails on your system:
23 error     tsc -w -p /home/test/ui
23 error You can get information on how to open an issue for this project with:
23 error     npm bugs myui
23 error Or if that isn't available, you can get their info via:
23 error     npm owner ls myui
23 error There is likely additional logging output above.
24 verbose exit [ 1, true ]
